2025-03-30 21:03:10 [INFO]: Snapshot created successfully
2025-03-30 21:03:56 [INFO]: Snapshot ID: 1, Timestamp: Sun Mar 30 2025 21:02:37 GMT-0400 (Eastern Daylight Time)
2025-03-30 21:03:56 [INFO]: Snapshot ID: 2, Timestamp: Sun Mar 30 2025 21:03:06 GMT-0400 (Eastern Daylight Time)
2025-03-30 21:07:55 [INFO]: Snapshot created successfully!
2025-03-30 21:08:50 [INFO]: Snapshot ID: 1, Timestamp: Sun Mar 30 2025 21:02:37 GMT-0400 (Eastern Daylight Time)
2025-03-30 21:08:50 [INFO]: Snapshot ID: 2, Timestamp: Sun Mar 30 2025 21:03:06 GMT-0400 (Eastern Daylight Time)
2025-03-30 21:08:50 [INFO]: Snapshot ID: 3, Timestamp: Sun Mar 30 2025 21:05:22 GMT-0400 (Eastern Daylight Time)
2025-03-30 21:08:50 [INFO]: Snapshot ID: 4, Timestamp: Sun Mar 30 2025 21:07:48 GMT-0400 (Eastern Daylight Time)
2025-03-30 21:09:15 [INFO]: Snapshot restored successfully!
2025-03-30 21:10:16 [INFO]: Snapshot restored successfully!
2025-03-30 21:27:10 [INFO]: SNAPSHOT	TIMESTAMP
2025-03-30 21:27:10 [INFO]: 1	Sun Mar 30 2025 21:02:37 GMT-0400 (Eastern Daylight Time)
2025-03-30 21:27:10 [INFO]: 2	Sun Mar 30 2025 21:03:06 GMT-0400 (Eastern Daylight Time)
2025-03-30 21:27:10 [INFO]: 3	Sun Mar 30 2025 21:05:22 GMT-0400 (Eastern Daylight Time)
2025-03-30 21:27:10 [INFO]: 4	Sun Mar 30 2025 21:07:48 GMT-0400 (Eastern Daylight Time)
2025-03-30 21:28:46 [INFO]: Snapshot created successfully!
2025-03-30 21:29:30 [INFO]: Snapshot pruned successfully!
2025-03-30 21:30:44 [INFO]: Snapshot restored successfully!
2025-03-30 21:31:10 [INFO]: Snapshot restored successfully!
2025-03-30 21:43:38 [INFO]: ✅ No corrupted files found!
